2021-03-04T16:53:57.740136+08:00
Starting ORACLE instance (normal) (OS id: 59846)
2021-03-04T16:53:57.825350+08:00
****************************************************
 Sys-V shared memory will be used for creating SGA 
 ****************************************************
2021-03-04T16:53:57.827575+08:00
**********************************************************************
2021-03-04T16:53:57.827665+08:00
Dump of system resources acquired for SHARED GLOBAL AREA (SGA) 
2021-03-04T16:53:57.827812+08:00
 Per process system memlock (soft) limit = 64K
2021-03-04T16:53:57.827884+08:00
 Expected per process system memlock (soft) limit to lock
 instance MAX SHARED GLOBAL AREA (SGA) into memory: 8002M
2021-03-04T16:53:57.828019+08:00
 Available system pagesizes:
  4K, 2048K 
2021-03-04T16:53:57.828152+08:00
 Supported system pagesize(s):
2021-03-04T16:53:57.828221+08:00
  PAGESIZE  AVAILABLE_PAGES  EXPECTED_PAGES  ALLOCATED_PAGES  ERROR(s)
2021-03-04T16:53:57.828292+08:00
        4K       Configured              12         2048012        NONE
2021-03-04T16:53:57.828466+08:00
     2048K                0            4001               0        NONE
2021-03-04T16:53:57.828538+08:00
RECOMMENDATION:
2021-03-04T16:53:57.828608+08:00
 1. For optimal performance, configure system with expected number 
 of pages for every supported system pagesize prior to the next 
 instance restart operation.
2021-03-04T16:53:57.842481+08:00
 2. Increase per process memlock (soft) limit to at least 8002MB
 to lock 100% of SHARED GLOBAL AREA (SGA) pages into physical memory
2021-03-04T16:53:57.842636+08:00
**********************************************************************
2021-03-04T16:54:01.062227+08:00
LICENSE_MAX_SESSION = 0
LICENSE_SESSIONS_WARNING = 0
2021-03-04T16:54:01.113052+08:00
Initial number of CPU is 8
Number of processor cores in the system is 8
Number of processor sockets in the system is 2
Capability Type : Network 
capabilities requested : 7 detected : 0 Simulated : 0
Capability Type : Runtime Environment 
capabilities requested : 400000FF detected : 40000000 Simulated : 0
Capability Type : Engineered Systems 
capabilities requested : 7 detected : 0 Simulated : 0
Capability Type : Database Test 
capabilities requested : 3 detected : 0 Simulated : 0
Autotune of undo retention is turned on. 
IMODE=BR
ILAT =108
LICENSE_MAX_USERS = 0
SYS auditing is enabled
NOTE: remote asm mode is local (mode 0x1; from cluster type)
NOTE: Using default ASM root directory ASM
NOTE: remote asm mode is local (mode 0x1; from cluster type)
NOTE: Cluster configuration type = NONE [2]
Oracle Database 19c Enterprise Edition Release 19.0.0.0.0 - Production
Version 19.3.0.0.0.
ORACLE_HOME:    /u01/app/oracle/product/19.3.0/dbhome_1
System name:	Linux
Node name:	tongzh-oracle19c-singlenode
Release:	3.10.0-957.el7.x86_64
Version:	#1 SMP Thu Oct 4 20:48:51 UTC 2018
Machine:	x86_64
Using parameter settings in server-side spfile /u01/app/oracle/product/19.3.0/dbhome_1/dbs/spfileoracle.ora
System parameters with non-default values:
  processes                = 640
  nls_language             = "SIMPLIFIED CHINESE"
  nls_territory            = "CHINA"
  sga_target               = 8000M
  control_files            = "/u01/app/oracle/oradata/ORCL/control01.ctl"
  control_files            = "/u01/app/oracle/oradata/ORCL/control02.ctl"
  db_block_size            = 8192
  compatible               = "19.0.0"
  log_archive_dest_1       = "location=/u01/app/oracle/arch"
  undo_tablespace          = "UNDOTBS1"
  remote_login_passwordfile= "EXCLUSIVE"
  dispatchers              = "(PROTOCOL=TCP) (SERVICE=orclXDB)"
  local_listener           = "LISTENER_ORCL"
  audit_file_dest          = "/u01/app/oracle/admin/orcl/adump"
  audit_trail              = "DB"
  db_name                  = "orcl"
  open_cursors             = 300
  pga_aggregate_target     = 2666M
  diagnostic_dest          = "/u01/app/oracle"
2021-03-04T16:54:01.552523+08:00
============================================================
NOTE: PatchLevel of this instance 0
============================================================
Starting background process PMON
2021-03-04T16:54:01.615981+08:00
PMON started with pid=2, OS id=59858 
Starting background process CLMN
2021-03-04T16:54:01.632300+08:00
CLMN started with pid=3, OS id=59860 
Starting background process PSP0
2021-03-04T16:54:01.647448+08:00
PSP0 started with pid=4, OS id=59862 
Starting background process VKTM
2021-03-04T16:54:02.683723+08:00
VKTM started with pid=5, OS id=59865 at elevated (RT) priority
2021-03-04T16:54:02.683727+08:00
Starting background process GEN0
Starting background process MMAN
2021-03-04T16:54:02.703145+08:00
GEN0 started with pid=6, OS id=59869 
2021-03-04T16:54:02.713072+08:00
VKTM running at (1)millisec precision with DBRM quantum (100)ms
2021-03-04T16:54:02.718703+08:00
MMAN started with pid=7, OS id=59871 
Starting background process GEN1
2021-03-04T16:54:02.799526+08:00
GEN1 started with pid=9, OS id=59875_59876 
Starting background process DIAG
2021-03-04T16:54:02.817021+08:00
DIAG started with pid=11, OS id=59878 
Starting background process OFSD
Starting background process DBRM
2021-03-04T16:54:02.842067+08:00
OFSD started with pid=12, OS id=59880_59881 
2021-03-04T16:54:02.843469+08:00
Oracle running with ofslib:'Oracle File Server Library' version=2
2021-03-04T16:54:02.860865+08:00
DBRM started with pid=14, OS id=59883 
Starting background process VKRM
2021-03-04T16:54:02.879844+08:00
VKRM started with pid=15, OS id=59885 
Starting background process SVCB
2021-03-04T16:54:02.897693+08:00
SVCB started with pid=16, OS id=59887 
Starting background process PMAN
2021-03-04T16:54:02.915816+08:00
PMAN started with pid=17, OS id=59889 
Starting background process DIA0
2021-03-04T16:54:02.933859+08:00
DIA0 started with pid=18, OS id=59891 
Starting background process DBW0
2021-03-04T16:54:02.960654+08:00
DBW0 started with pid=19, OS id=59893 
Starting background process LGWR
2021-03-04T16:54:02.978327+08:00
LGWR started with pid=20, OS id=59895 
Starting background process CKPT
2021-03-04T16:54:02.998737+08:00
CKPT started with pid=21, OS id=59897 
Starting background process SMON
2021-03-04T16:54:03.018977+08:00
LGWR slave LG00 created with pid=22, OS pid=59899
2021-03-04T16:54:03.039755+08:00
SMON started with pid=23, OS id=59901 
LGWR slave LG01 created with pid=24, OS pid=59903
Starting background process SMCO
2021-03-04T16:54:03.075460+08:00
SMCO started with pid=25, OS id=59905 
Starting background process RECO
2021-03-04T16:54:03.092570+08:00
RECO started with pid=26, OS id=59907 
Starting background process LREG
2021-03-04T16:54:03.128481+08:00
LREG started with pid=28, OS id=59911 
Starting background process PXMN
2021-03-04T16:54:03.164926+08:00
PXMN started with pid=30, OS id=59915 
Starting background process FENC
2021-03-04T16:54:03.181637+08:00
FENC started with pid=31, OS id=59917 
Starting background process MMON
2021-03-04T16:54:03.201019+08:00
MMON started with pid=32, OS id=59919 
Starting background process MMNL
2021-03-04T16:54:03.220119+08:00
MMNL started with pid=31, OS id=59922 
2021-03-04T16:54:03.220140+08:00
starting up 1 dispatcher(s) for network address '(ADDRESS=(PARTIAL=YES)(PROTOCOL=TCP))'...
starting up 1 shared server(s) ...
Starting background process TMON
2021-03-04T16:54:03.272749+08:00
TMON started with pid=35, OS id=59928 
Setting CPU count to 8
ORACLE_BASE from environment = /u01/app/oracle
2021-03-04T16:54:03.358951+08:00
ALTER DATABASE   MOUNT
2021-03-04T16:54:05.863145+08:00
Using default pga_aggregate_limit of 5332 MB
2021-03-04T16:54:07.436185+08:00
.... (PID:59929): Redo network throttle feature is disabled at mount time
2021-03-04T16:54:07.443331+08:00
Successful mount of redo thread 1, with mount id 1594105515
2021-03-04T16:54:07.443713+08:00
Database mounted in Exclusive Mode
Lost write protection disabled
.... (PID:59929): Using STANDBY_ARCHIVE_DEST parameter default value as /u01/app/oracle/arch [krsd.c:18141]
Completed: ALTER DATABASE   MOUNT
2021-03-04T16:54:07.599145+08:00
ALTER DATABASE OPEN
Ping without log force is disabled:
  instance mounted in exclusive mode.
Buffer Cache Full DB Caching mode changing from FULL CACHING DISABLED to FULL CACHING ENABLED 
2021-03-04T16:54:07.713491+08:00
Beginning crash recovery of 1 threads
 parallel recovery started with 7 processes
 Thread 1: Recovery starting at checkpoint rba (logseq 13 block 99624), scn 0
2021-03-04T16:54:07.844287+08:00
Started redo scan
2021-03-04T16:54:07.914418+08:00
Completed redo scan
 read 3314 KB redo, 791 data blocks need recovery
2021-03-04T16:54:08.582051+08:00
Started redo application at
 Thread 1: logseq 13, block 99624, offset 0
2021-03-04T16:54:08.582463+08:00
Recovery of Online Redo Log: Thread 1 Group 1 Seq 13 Reading mem 0
  Mem# 0: /u01/app/oracle/oradata/ORCL/redo01.log
2021-03-04T16:54:08.608544+08:00
Completed redo application of 2.82MB
2021-03-04T16:54:08.667110+08:00
Completed crash recovery at
 Thread 1: RBA 13.106253.16, nab 106253, scn 0x000000000028fcfa
 791 data blocks read, 791 data blocks written, 3314 redo k-bytes read
Endian type of dictionary set to little
2021-03-04T16:54:08.829059+08:00
LGWR (PID:59895): STARTING ARCH PROCESSES
Starting background process ARC0
2021-03-04T16:54:08.850193+08:00
TT00 (PID:59957): Gap Manager starting
2021-03-04T16:54:08.868841+08:00
ARC0 started with pid=47, OS id=59959 
2021-03-04T16:54:08.879002+08:00
LGWR (PID:59895): ARC0: Archival started
LGWR (PID:59895): STARTING ARCH PROCESSES COMPLETE
2021-03-04T16:54:08.879184+08:00
ARC0 (PID:59959): Becoming a 'no FAL' ARCH
ARC0 (PID:59959): Becoming the 'no SRL' ARCH
2021-03-04T16:54:08.891020+08:00 Thread . advanced to log sequence 14 (thread open)
Redo log for group 2, sequence 14 is not located on DAX storage
2021-03-04T16:54:08.896535+08:00
TMON (PID:59928): STARTING ARCH PROCESSES
Starting background process ARC1
2021-03-04T16:54:08.906018+08:00
Thread 1 opened at log sequence 14
Successful open of redo thread 1
2021-03-04T16:54:08.906406+08:00
MTTR advisory is disabled because FAST_START_MTTR_TARGET is not set
stopping change tracking
Starting background process ARC2
2021-03-04T16:54:08.917190+08:00
ARC1 started with pid=49, OS id=59963 
Starting background process ARC3
2021-03-04T16:54:08.936396+08:00
ARC2 started with pid=50, OS id=59965 
2021-03-04T16:54:08.956016+08:00
TMON (PID:59928): ARC1: Archival started
2021-03-04T16:54:08.956025+08:00
ARC3 started with pid=51, OS id=59967 
TMON (PID:59928): ARC2: Archival started
TMON (PID:59928): ARC3: Archival started
TMON (PID:59928): STARTING ARCH PROCESSES COMPLETE
2021-03-04T16:54:11.490775+08:00
2021-03-04T16:54:15.853711+08:00
Undo initialization recovery: err:0 start: 185551139 end: 185551354 diff: 215 ms (0.2 seconds)
[59940] Successfully onlined Undo Tablespace 2.
Undo initialization online undo segments: err:0 start: 185551354 end: 185551727 diff: 373 ms (0.4 seconds)
Undo initialization finished serial:0 start:185551139 end:185551764 diff:625 ms (0.6 seconds)
Verifying minimum file header compatibility for tablespace encryption..
Verifying file header compatibility for tablespace encryption completed for pdb 0
Database Characterset is ZHS16GBK
No Resource Manager plan active
2021-03-04T16:54:17.711205+08:00
joxcsys_required_dirobj_exists: directory object exists with required path /u01/app/oracle/product/19.3.0/dbhome_1/javavm/admin/, pid 59940 cid 0
replication_dependency_tracking turned off (no async multimaster replication found)
2021-03-04T16:54:19.025415+08:00
Starting background process AQPC
2021-03-04T16:54:19.041178+08:00
AQPC started with pid=53, OS id=59983 
2021-03-04T16:54:20.058431+08:00
Starting background process CJQ0
2021-03-04T16:54:20.076088+08:00
CJQ0 started with pid=56, OS id=59990 
Completed: ALTER DATABASE OPEN
2021-03-04T16:54:22.530632+08:00
QPI: opatch file present, opatch
QPI: qopiprep.bat file present
2021-03-04T16:54:28.202655+08:00
===========================================================
Dumping current patch information
===========================================================
Patch Id: 29517242
Patch Description: Database Release Update : 19.3.0.0.190416 (29517242)
Patch Apply Time: 2019-04-18T15:21:17+08:00
Bugs Fixed: 14735102,19697993,20313356,21965541,25806201,25883179,25986062,
26476244,26611353,26872233,27369515,27423500,27666312,27710072,27846298,
27957203,28064977,28072567,28129791,28181021,28210681,28279456,28313275,
28350595,28371123,28379065,28431445,28463226,28489419,28502773,28513333,
28534475,28561704,28569897,28572533,28572544,28587723,28593682,28594086,
28597221,28601957,28605066,28606598,28625862,28627033,28636532,28643718,
28644549,28645570,28646200,28646939,28649388,28655209,28663782,28673945,
28692275,28694872,28696373,28705231,28710385,28710734,28714461,28718469,
28730079,28740708,28760206,28772390,28774416,28777214,28789531,28791852,
28795551,28802734,28804517,28810381,28811560,28815123,28815355,28819640,
28824482,28833912,28835937,28862532,28863432,28873575,28876253,28876639,
28884931,28888327,28892794,28897512,28899663,28901126,28905457,28907196,
28912691,28915561,28917080,28918429,28919145,28922227,28922532,28922608,
28925634,28925880,28933158,28936114,28937717,28938698,28940179,28940281,
28941901,28942455,28945421,28945994,28951533,28952168,28954762,28955606,
28957292,28957723,28962775,28965231,28966444,28974083,28977322,28983095,
28983486,28986326,28986481,28988482,28989306,28993295,28994307,28996376,
29000000,29001888,29002927,29003738,29006318,29006621,29007321,29007775,
29008035,29011936,29013475,29014076,29015118,29017265,29018655,29019121,
29021063,29021352,29024552,29026582,29026606,29027456,29027694,29027940,
29031575,29031600,29032234,29032457,29032607,29033052,29033145,29033200,
29033280,29034587,29037290,29038528,29039089,29039510,29043554,29043651,
29043725,29044763,29044954,29047850,29048289,29048498,29048605,29050560,
29050765,29051702,29052726,29053783,29056024,29056270,29056560,29059011,
29061959,29062692,29062848,29062860,29062868,29110526,29110783,29110790,
29110797,29110802,29110805,29111598,29113282,29113305,29117526,29117642,
29119077,29120223,29122224,29122254,29123297,29123432,29123482,29124368,
29125380,29126345,29127957,29128935,29129450,29129497,29129712,29130219,
29131539,29132938,29134447,29136111,29138641,29141316,29141341,29141685,
29142667,29144995,29145214,29145730,29149829,29150338,29151520,29152357,
29155099,29157389,29158680,29158899,29159909,29159936,29160174,29162095,
29163415,29163437,29163524,29163567,29167111,29167342,29167374,29167940,
29168219,29168433,29169073,29169215,29171942,29172618,29172826,29173140,
29173373,29173817,29174004,29176318,29177466,29177543,29177886,29178385,
29180313,29180455,29180559,29180893,29181153,29181231,29181620,29181743,
29181923,29182019,29183912,29184297,29184666,29185193,29186456,29189302,
29189307,29189889,29190235,29190474,29190740,29191541,29192419,29192468,
29192685,29193207,29194205,29194367,29194493,29194827,29195279,29195337,
29195758,29196725,29199635,29199733,29200316,29200700,29201494,29201539,
29202104,29202850,29203122,29203166,29203425,29203443,29203604,29205281,
29205323,29205419,29205463,29205767,29205918,29206109,29206605,29207073,
29208260,29208732,29211457,29211724,29212012,29212433,29212611,29213351,
29213775,29213850,29213879,29214561,29214960,29216746,29216984,29217294,
29217472,29217828,29217848,29218570,29219205,29219273,29220079,29221248,
29221891,29222031,29222784,29223833,29223859,29223967,29224065,29224605,
29225076,29227602,29228869,29229164,29229754,29229844,29229955,29230252,
29230565,29231133,29232117,29232154,29234123,29237538,29240307,29241345,
29242017,29242884,29243958,29245137,29245160,29246163,29247415,29247712,
29247906,29248552,29248835,29248858,29249991,29250059,29251259,29253184,
29253871,29254031,29254930,29255178,29255273,29255431,29255435,29256426,
29259119,29259320,29261906,29262512,29262887,29265448,29266248,29266899,
29267292,29268412,29269171,29270585,29273539,29273735,29273847,29274428,
29274564,29274627,29275461,29278218,29279658,29279751,29279854,29282898,
29285503,29285788,29285956,29286037,29287130,29287705,29292837,29293072,
29297863,29297915,29298220,29299049,29299082,29299844,29301566,29302963,
29303918,29304781,29311588,29312310,29312734,29312753,29313347,29313417,
29313525,29314539,29318410,29319441,29321489,29323946,29324568,29325087,
29325105,29325257,29325993,29327044,29329087,29331209,29331380,29331493,
29332771,29333500,29337310,29338315,29338453,29338780,29338913,29339155,
29341209,29343086,29346943,29347620,29348176,29350052,29351386,29351716,
29351749,29352867,29353271,29355654,29356547,29356752,29358828,29360672,
29361801,29363151,29364171,29364177,29367019,29367561,29368253,29373418,
29373588,29374179,29377986,29378029,29379978,29382784,29385652,29386502,
29386635,29386660,29387274,29388094,29388524,29388830,29389889,29390435,
29394140,29394749,29397954,29398863,29399100,29399121,29405012,29405651,
29412066,29412269,29417884,29423826,29429264,29429566,29431485,29435652,
29438736,29439522,29450421,29451386,29452576,29452953,29457807,29460252,
29462957,29486181,29507616,29515240,29521748,29530812,29531654,29557336,
29558975,29601461
Patch Id: 29585399
Patch Description: OCW RELEASE UPDATE 19.3.0.0.0 (29585399)
Patch Apply Time: 2019-04-18T15:21:33+08:00
Bugs Fixed: 3,27222128,27572040,27604329,27760043,27877830,28302580,28470673,
28621543,28642469,28699321,28710663,28755846,28772816,28785321,28800508,
28808652,28815557,28847541,28847572,28870496,28871040,28874416,28877252,
28881191,28881848,28888083,28911140,28925250,28925460,28935956,28940472,
28942694,28951332,28963036,28968779,28980448,28995287,29003207,29003617,
29016294,29018680,29024876,29026154,29027933,29047127,29052850,29058476,
29111631,29112455,29117337,29123444,29125708,29125786,29129476,29131772,
29132456,29139727,29146157,29147849,29149170,29152603,29152752,29154631,
29154636,29154829,29159216,29159661,29160462,29161923,29169540,29169739,
29170717,29173618,29181568,29182920,29183298,29186091,29191827,29201143,
29201695,29209545,29210577,29210610,29210624,29210683,29213641,29219627,
29224294,29225861,29229839,29235934,29242906,29243749,29244495,29244766,
29244968,29248723,29249583,29251564,29255616,29260224,29261695,29271019,
29273360,29282090,29282666,29285453,29285621,29290235,29292232,29293806,
29294753,29299830,29307090,29307109,29311336,29329675,29330791,29339299,
29357821,29360467,29360775,29367971,29368725,29379299,29379381,29380527,
29381000,29382296,29391301,29393649,29402110,29411931,29413360,29457319,
29465047
===========================================================
2021-03-04T16:56:25.751835+08:00
TABLE AUDSYS.AUD$UNIFIED: ADDED INTERVAL PARTITION SYS_P287 (81) VALUES LESS THAN (TIMESTAMP' 2021-04-01 00:00:00')
2021-03-04T22:00:00.025640+08:00
Setting Resource Manager plan SCHEDULER[0x4D55]:DEFAULT_MAINTENANCE_PLAN via scheduler window
Setting Resource Manager plan DEFAULT_MAINTENANCE_PLAN via parameter
2021-03-04T22:00:02.318349+08:00
Begin automatic SQL Tuning Advisor run for special tuning task  "SYS_AUTO_SQL_TUNING_TASK"
End automatic SQL Tuning Advisor run for special tuning task  "SYS_AUTO_SQL_TUNING_TASK"
2021-03-04T22:00:08.349467+08:00
TABLE SYS.WRI$_OPTSTAT_HISTHEAD_HISTORY: ADDED INTERVAL PARTITION SYS_P294 (44258) VALUES LESS THAN (TO_DATE(' 2021-03-05 00:00:00', 'SYYYY-MM-DD HH24:MI:SS', 'NLS_CALENDAR=GREGORIAN'))
TABLE SYS.WRI$_OPTSTAT_HISTGRM_HISTORY: ADDED INTERVAL PARTITION SYS_P297 (44258) VALUES LESS THAN (TO_DATE(' 2021-03-05 00:00:00', 'SYYYY-MM-DD HH24:MI:SS', 'NLS_CALENDAR=GREGORIAN'))
2021-03-04T22:00:44.999639+08:00
TABLE SYS.WRP$_REPORTS: ADDED INTERVAL PARTITION SYS_P298 (4081) VALUES LESS THAN (TO_DATE(' 2021-03-05 01:00:00', 'SYYYY-MM-DD HH24:MI:SS', 'NLS_CALENDAR=GREGORIAN'))
TABLE SYS.WRP$_REPORTS_DETAILS: ADDED INTERVAL PARTITION SYS_P299 (4081) VALUES LESS THAN (TO_DATE(' 2021-03-05 01:00:00', 'SYYYY-MM-DD HH24:MI:SS', 'NLS_CALENDAR=GREGORIAN'))
TABLE SYS.WRP$_REPORTS_TIME_BANDS: ADDED INTERVAL PARTITION SYS_P302 (4080) VALUES LESS THAN (TO_DATE(' 2021-03-04 01:00:00', 'SYYYY-MM-DD HH24:MI:SS', 'NLS_CALENDAR=GREGORIAN'))
2021-03-04T22:00:45.723519+08:00
2021-03-05T02:00:00.004590+08:00
Closing scheduler window
Closing Resource Manager plan via scheduler window
Clearing Resource Manager plan via parameter
2021-03-05T22:00:00.010058+08:00
Setting Resource Manager plan SCHEDULER[0x4D56]:DEFAULT_MAINTENANCE_PLAN via scheduler window
Setting Resource Manager plan DEFAULT_MAINTENANCE_PLAN via parameter
2021-03-05T22:00:02.112772+08:00
Begin automatic SQL Tuning Advisor run for special tuning task  "SYS_AUTO_SQL_TUNING_TASK"
End automatic SQL Tuning Advisor run for special tuning task  "SYS_AUTO_SQL_TUNING_TASK"
2021-03-05T22:00:02.886585+08:00
TABLE SYS.WRI$_OPTSTAT_HISTHEAD_HISTORY: ADDED INTERVAL PARTITION SYS_P303 (44259) VALUES LESS THAN (TO_DATE(' 2021-03-06 00:00:00', 'SYYYY-MM-DD HH24:MI:SS', 'NLS_CALENDAR=GREGORIAN'))
TABLE SYS.WRI$_OPTSTAT_HISTGRM_HISTORY: ADDED INTERVAL PARTITION SYS_P306 (44259) VALUES LESS THAN (TO_DATE(' 2021-03-06 00:00:00', 'SYYYY-MM-DD HH24:MI:SS', 'NLS_CALENDAR=GREGORIAN'))
2021-03-05T22:00:31.837781+08:00
TABLE SYS.WRP$_REPORTS: ADDED INTERVAL PARTITION SYS_P307 (4082) VALUES LESS THAN (TO_DATE(' 2021-03-06 01:00:00', 'SYYYY-MM-DD HH24:MI:SS', 'NLS_CALENDAR=GREGORIAN'))
TABLE SYS.WRP$_REPORTS_DETAILS: ADDED INTERVAL PARTITION SYS_P308 (4082) VALUES LESS THAN (TO_DATE(' 2021-03-06 01:00:00', 'SYYYY-MM-DD HH24:MI:SS', 'NLS_CALENDAR=GREGORIAN'))
TABLE SYS.WRP$_REPORTS_TIME_BANDS: ADDED INTERVAL PARTITION SYS_P311 (4081) VALUES LESS THAN (TO_DATE(' 2021-03-05 01:00:00', 'SYYYY-MM-DD HH24:MI:SS', 'NLS_CALENDAR=GREGORIAN'))
2021-03-06T02:00:00.082037+08:00
Closing scheduler window
Closing Resource Manager plan via scheduler window
Clearing Resource Manager plan via parameter
2021-03-06T06:00:00.005267+08:00
Setting Resource Manager plan SCHEDULER[0x4D57]:DEFAULT_MAINTENANCE_PLAN via scheduler window
Setting Resource Manager plan DEFAULT_MAINTENANCE_PLAN via parameter
2021-03-06T06:00:02.147156+08:00
Begin automatic SQL Tuning Advisor run for special tuning task  "SYS_AUTO_SQL_TUNING_TASK"
End automatic SQL Tuning Advisor run for special tuning task  "SYS_AUTO_SQL_TUNING_TASK"
2021-03-06T06:00:09.157893+08:00
TABLE SYS.WRI$_OPTSTAT_HISTHEAD_HISTORY: ADDED INTERVAL PARTITION SYS_P312 (44260) VALUES LESS THAN (TO_DATE(' 2021-03-07 00:00:00', 'SYYYY-MM-DD HH24:MI:SS', 'NLS_CALENDAR=GREGORIAN'))
TABLE SYS.WRI$_OPTSTAT_HISTGRM_HISTORY: ADDED INTERVAL PARTITION SYS_P315 (44260) VALUES LESS THAN (TO_DATE(' 2021-03-07 00:00:00', 'SYYYY-MM-DD HH24:MI:SS', 'NLS_CALENDAR=GREGORIAN'))
2021-03-06T06:00:15.750966+08:00
Private strand flush not complete
2021-03-06T06:00:19.268922+08:00
2021-03-06T06:00:27.751462+08:00
TABLE SYS.WRP$_REPORTS: ADDED INTERVAL PARTITION SYS_P316 (4083) VALUES LESS THAN (TO_DATE(' 2021-03-07 01:00:00', 'SYYYY-MM-DD HH24:MI:SS', 'NLS_CALENDAR=GREGORIAN'))
TABLE SYS.WRP$_REPORTS_DETAILS: ADDED INTERVAL PARTITION SYS_P317 (4083) VALUES LESS THAN (TO_DATE(' 2021-03-07 01:00:00', 'SYYYY-MM-DD HH24:MI:SS', 'NLS_CALENDAR=GREGORIAN'))
TABLE SYS.WRP$_REPORTS_TIME_BANDS: ADDED INTERVAL PARTITION SYS_P320 (4082) VALUES LESS THAN (TO_DATE(' 2021-03-06 01:00:00', 'SYYYY-MM-DD HH24:MI:SS', 'NLS_CALENDAR=GREGORIAN'))
2021-03-06T22:04:54.821766+08:00
Private strand flush not complete
2021-03-06T22:04:58.273679+08:00
2021-03-07T02:00:00.003002+08:00
Closing scheduler window
Closing Resource Manager plan via scheduler window
Clearing Resource Manager plan via parameter
2021-03-07T06:00:00.142110+08:00
Setting Resource Manager plan SCHEDULER[0x4D58]:DEFAULT_MAINTENANCE_PLAN via scheduler window
Setting Resource Manager plan DEFAULT_MAINTENANCE_PLAN via parameter
2021-03-07T06:00:02.246133+08:00
Begin automatic SQL Tuning Advisor run for special tuning task  "SYS_AUTO_SQL_TUNING_TASK"
End automatic SQL Tuning Advisor run for special tuning task  "SYS_AUTO_SQL_TUNING_TASK"
2021-03-07T06:00:03.053114+08:00
TABLE SYS.WRI$_OPTSTAT_HISTHEAD_HISTORY: ADDED INTERVAL PARTITION SYS_P321 (44261) VALUES LESS THAN (TO_DATE(' 2021-03-08 00:00:00', 'SYYYY-MM-DD HH24:MI:SS', 'NLS_CALENDAR=GREGORIAN'))
TABLE SYS.WRI$_OPTSTAT_HISTGRM_HISTORY: ADDED INTERVAL PARTITION SYS_P324 (44261) VALUES LESS THAN (TO_DATE(' 2021-03-08 00:00:00', 'SYYYY-MM-DD HH24:MI:SS', 'NLS_CALENDAR=GREGORIAN'))
2021-03-07T06:01:03.030247+08:00
TABLE SYS.WRP$_REPORTS: ADDED INTERVAL PARTITION SYS_P325 (4084) VALUES LESS THAN (TO_DATE(' 2021-03-08 01:00:00', 'SYYYY-MM-DD HH24:MI:SS', 'NLS_CALENDAR=GREGORIAN'))
TABLE SYS.WRP$_REPORTS_DETAILS: ADDED INTERVAL PARTITION SYS_P326 (4084) VALUES LESS THAN (TO_DATE(' 2021-03-08 01:00:00', 'SYYYY-MM-DD HH24:MI:SS', 'NLS_CALENDAR=GREGORIAN'))
TABLE SYS.WRP$_REPORTS_TIME_BANDS: ADDED INTERVAL PARTITION SYS_P329 (4083) VALUES LESS THAN (TO_DATE(' 2021-03-07 01:00:00', 'SYYYY-MM-DD HH24:MI:SS', 'NLS_CALENDAR=GREGORIAN'))
2021-03-07T11:04:45.121323+08:00
Resize operation completed for file# 3, old size 716800K, new size 727040K
2021-03-07T16:04:48.351199+08:00
Resize operation completed for file# 3, old size 727040K, new size 737280K
2021-03-07T17:15:25.194128+08:00
2021-03-07T22:34:52.529876+08:00
Resize operation completed for file# 3, old size 737280K, new size 747520K
2021-03-08T02:00:00.015159+08:00
Closing scheduler window
Closing Resource Manager plan via scheduler window
Clearing Resource Manager plan via parameter
2021-03-08T04:04:55.993726+08:00
Resize operation completed for file# 3, old size 747520K, new size 757760K
2021-03-08T11:05:00.613842+08:00
Resize operation completed for file# 3, old size 757760K, new size 768000K
2021-03-08T18:05:04.958868+08:00
Resize operation completed for file# 3, old size 768000K, new size 778240K
2021-03-08T22:00:00.027119+08:00
Setting Resource Manager plan SCHEDULER[0x4D52]:DEFAULT_MAINTENANCE_PLAN via scheduler window
Setting Resource Manager plan DEFAULT_MAINTENANCE_PLAN via parameter
2021-03-08T22:00:01.156747+08:00
Begin automatic SQL Tuning Advisor run for special tuning task  "SYS_AUTO_SQL_TUNING_TASK"
End automatic SQL Tuning Advisor run for special tuning task  "SYS_AUTO_SQL_TUNING_TASK"
2021-03-08T22:00:06.783736+08:00
TABLE SYS.WRI$_OPTSTAT_HISTHEAD_HISTORY: ADDED INTERVAL PARTITION SYS_P330 (44262) VALUES LESS THAN (TO_DATE(' 2021-03-09 00:00:00', 'SYYYY-MM-DD HH24:MI:SS', 'NLS_CALENDAR=GREGORIAN'))
TABLE SYS.WRI$_OPTSTAT_HISTGRM_HISTORY: ADDED INTERVAL PARTITION SYS_P333 (44262) VALUES LESS THAN (TO_DATE(' 2021-03-09 00:00:00', 'SYYYY-MM-DD HH24:MI:SS', 'NLS_CALENDAR=GREGORIAN'))
2021-03-08T22:00:18.981782+08:00
Private strand flush not complete
2021-03-08T22:00:22.433404+08:00
2021-03-08T22:01:07.598351+08:00
TABLE SYS.WRP$_REPORTS: ADDED INTERVAL PARTITION SYS_P334 (4085) VALUES LESS THAN (TO_DATE(' 2021-03-09 01:00:00', 'SYYYY-MM-DD HH24:MI:SS', 'NLS_CALENDAR=GREGORIAN'))
TABLE SYS.WRP$_REPORTS_DETAILS: ADDED INTERVAL PARTITION SYS_P335 (4085) VALUES LESS THAN (TO_DATE(' 2021-03-09 01:00:00', 'SYYYY-MM-DD HH24:MI:SS', 'NLS_CALENDAR=GREGORIAN'))
TABLE SYS.WRP$_REPORTS_TIME_BANDS: ADDED INTERVAL PARTITION SYS_P338 (4084) VALUES LESS THAN (TO_DATE(' 2021-03-08 01:00:00', 'SYYYY-MM-DD HH24:MI:SS', 'NLS_CALENDAR=GREGORIAN'))
2021-03-08T22:35:08.838041+08:00
Resize operation completed for file# 3, old size 778240K, new size 788480K
2021-03-08T23:55:09.891619+08:00
Resize operation completed for file# 1, old size 931840K, new size 942080K
2021-03-09T02:00:00.008059+08:00
Closing scheduler window
Closing Resource Manager plan via scheduler window
Clearing Resource Manager plan via parameter
2021-03-09T05:05:13.475972+08:00
Resize operation completed for file# 3, old size 788480K, new size 798720K
2021-03-09T12:05:18.807640+08:00
Resize operation completed for file# 3, old size 798720K, new size 808960K
2021-03-09T21:05:24.842282+08:00
Resize operation completed for file# 3, old size 808960K, new size 819200K
2021-03-09T22:00:00.069239+08:00
Setting Resource Manager plan SCHEDULER[0x4D53]:DEFAULT_MAINTENANCE_PLAN via scheduler window
Setting Resource Manager plan DEFAULT_MAINTENANCE_PLAN via parameter
2021-03-09T22:00:01.758072+08:00
Begin automatic SQL Tuning Advisor run for special tuning task  "SYS_AUTO_SQL_TUNING_TASK"
End automatic SQL Tuning Advisor run for special tuning task  "SYS_AUTO_SQL_TUNING_TASK"
2021-03-09T22:00:02.609697+08:00
TABLE SYS.WRI$_OPTSTAT_HISTHEAD_HISTORY: ADDED INTERVAL PARTITION SYS_P339 (44263) VALUES LESS THAN (TO_DATE(' 2021-03-10 00:00:00', 'SYYYY-MM-DD HH24:MI:SS', 'NLS_CALENDAR=GREGORIAN'))
TABLE SYS.WRI$_OPTSTAT_HISTGRM_HISTORY: ADDED INTERVAL PARTITION SYS_P342 (44263) VALUES LESS THAN (TO_DATE(' 2021-03-10 00:00:00', 'SYYYY-MM-DD HH24:MI:SS', 'NLS_CALENDAR=GREGORIAN'))
2021-03-09T22:00:58.533357+08:00
TABLE SYS.WRP$_REPORTS: ADDED INTERVAL PARTITION SYS_P343 (4086) VALUES LESS THAN (TO_DATE(' 2021-03-10 01:00:00', 'SYYYY-MM-DD HH24:MI:SS', 'NLS_CALENDAR=GREGORIAN'))
TABLE SYS.WRP$_REPORTS_DETAILS: ADDED INTERVAL PARTITION SYS_P344 (4086) VALUES LESS THAN (TO_DATE(' 2021-03-10 01:00:00', 'SYYYY-MM-DD HH24:MI:SS', 'NLS_CALENDAR=GREGORIAN'))
TABLE SYS.WRP$_REPORTS_TIME_BANDS: ADDED INTERVAL PARTITION SYS_P347 (4085) VALUES LESS THAN (TO_DATE(' 2021-03-09 01:00:00', 'SYYYY-MM-DD HH24:MI:SS', 'NLS_CALENDAR=GREGORIAN'))
2021-03-09T22:25:29.036398+08:00
2021-03-09T22:35:25.760091+08:00
Resize operation completed for file# 3, old size 819200K, new size 829440K
2021-03-10T02:00:00.110025+08:00
Closing scheduler window
Closing Resource Manager plan via scheduler window
Clearing Resource Manager plan via parameter
2021-03-10T06:05:30.748978+08:00
Resize operation completed for file# 3, old size 829440K, new size 839680K
2021-03-10T12:05:34.868358+08:00
Resize operation completed for file# 3, old size 839680K, new size 849920K
2021-03-10T21:05:40.904066+08:00
Resize operation completed for file# 3, old size 849920K, new size 860160K
2021-03-10T22:00:00.067797+08:00
Setting Resource Manager plan SCHEDULER[0x4D54]:DEFAULT_MAINTENANCE_PLAN via scheduler window
Setting Resource Manager plan DEFAULT_MAINTENANCE_PLAN via parameter
2021-03-10T22:00:02.182161+08:00
Begin automatic SQL Tuning Advisor run for special tuning task  "SYS_AUTO_SQL_TUNING_TASK"
End automatic SQL Tuning Advisor run for special tuning task  "SYS_AUTO_SQL_TUNING_TASK"
2021-03-10T22:00:07.434450+08:00
TABLE SYS.WRI$_OPTSTAT_HISTHEAD_HISTORY: ADDED INTERVAL PARTITION SYS_P348 (44264) VALUES LESS THAN (TO_DATE(' 2021-03-11 00:00:00', 'SYYYY-MM-DD HH24:MI:SS', 'NLS_CALENDAR=GREGORIAN'))
TABLE SYS.WRI$_OPTSTAT_HISTGRM_HISTORY: ADDED INTERVAL PARTITION SYS_P351 (44264) VALUES LESS THAN (TO_DATE(' 2021-03-11 00:00:00', 'SYYYY-MM-DD HH24:MI:SS', 'NLS_CALENDAR=GREGORIAN'))
2021-03-10T22:01:05.610169+08:00
TABLE SYS.WRP$_REPORTS: ADDED INTERVAL PARTITION SYS_P352 (4087) VALUES LESS THAN (TO_DATE(' 2021-03-11 01:00:00', 'SYYYY-MM-DD HH24:MI:SS', 'NLS_CALENDAR=GREGORIAN'))
TABLE SYS.WRP$_REPORTS_DETAILS: ADDED INTERVAL PARTITION SYS_P353 (4087) VALUES LESS THAN (TO_DATE(' 2021-03-11 01:00:00', 'SYYYY-MM-DD HH24:MI:SS', 'NLS_CALENDAR=GREGORIAN'))
TABLE SYS.WRP$_REPORTS_TIME_BANDS: ADDED INTERVAL PARTITION SYS_P356 (4086) VALUES LESS THAN (TO_DATE(' 2021-03-10 01:00:00', 'SYYYY-MM-DD HH24:MI:SS', 'NLS_CALENDAR=GREGORIAN'))
2021-03-10T22:05:41.583620+08:00
Resize operation completed for file# 3, old size 860160K, new size 870400K
2021-03-11T02:00:00.144976+08:00
Closing scheduler window
Closing Resource Manager plan via scheduler window
Clearing Resource Manager plan via parameter
2021-03-11T03:00:28.566988+08:00
2021-03-11T03:05:44.952737+08:00
Resize operation completed for file# 3, old size 870400K, new size 880640K
2021-03-11T10:05:49.641684+08:00
Resize operation completed for file# 3, old size 880640K, new size 890880K
2021-03-11T11:59:37.552210+08:00
Warning: VKTM detected a forward time drift. 
Please see the VKTM trace file for more details:
/u01/app/oracle/diag/rdbms/orcl/oracle/trace/oracle_vktm_59865.trc
2021-03-11T16:05:53.959167+08:00
Resize operation completed for file# 3, old size 890880K, new size 901120K
2021-03-11T22:00:00.125381+08:00
Setting Resource Manager plan SCHEDULER[0x4D55]:DEFAULT_MAINTENANCE_PLAN via scheduler window
Setting Resource Manager plan DEFAULT_MAINTENANCE_PLAN via parameter
2021-03-11T22:00:02.313910+08:00
Begin automatic SQL Tuning Advisor run for special tuning task  "SYS_AUTO_SQL_TUNING_TASK"
2021-03-11T22:00:03.036800+08:00
TABLE SYS.WRI$_OPTSTAT_HISTHEAD_HISTORY: ADDED INTERVAL PARTITION SYS_P357 (44265) VALUES LESS THAN (TO_DATE(' 2021-03-12 00:00:00', 'SYYYY-MM-DD HH24:MI:SS', 'NLS_CALENDAR=GREGORIAN'))
TABLE SYS.WRI$_OPTSTAT_HISTGRM_HISTORY: ADDED INTERVAL PARTITION SYS_P360 (44265) VALUES LESS THAN (TO_DATE(' 2021-03-12 00:00:00', 'SYYYY-MM-DD HH24:MI:SS', 'NLS_CALENDAR=GREGORIAN'))
2021-03-11T22:00:03.342378+08:00
End automatic SQL Tuning Advisor run for special tuning task  "SYS_AUTO_SQL_TUNING_TASK"
2021-03-11T22:00:32.716425+08:00
TABLE SYS.WRP$_REPORTS: ADDED INTERVAL PARTITION SYS_P361 (4088) VALUES LESS THAN (TO_DATE(' 2021-03-12 01:00:00', 'SYYYY-MM-DD HH24:MI:SS', 'NLS_CALENDAR=GREGORIAN'))
TABLE SYS.WRP$_REPORTS_DETAILS: ADDED INTERVAL PARTITION SYS_P362 (4088) VALUES LESS THAN (TO_DATE(' 2021-03-12 01:00:00', 'SYYYY-MM-DD HH24:MI:SS', 'NLS_CALENDAR=GREGORIAN'))
TABLE SYS.WRP$_REPORTS_TIME_BANDS: ADDED INTERVAL PARTITION SYS_P365 (4087) VALUES LESS THAN (TO_DATE(' 2021-03-11 01:00:00', 'SYYYY-MM-DD HH24:MI:SS', 'NLS_CALENDAR=GREGORIAN'))
2021-03-11T22:05:59.713887+08:00
Resize operation completed for file# 3, old size 901120K, new size 911360K
2021-03-12T02:00:00.114047+08:00
Closing scheduler window
Closing Resource Manager plan via scheduler window
Clearing Resource Manager plan via parameter
2021-03-12T02:06:02.523578+08:00
Resize operation completed for file# 3, old size 911360K, new size 921600K
2021-03-12T09:00:17.011953+08:00
2021-03-12T09:06:09.323704+08:00
Resize operation completed for file# 3, old size 921600K, new size 931840K
2021-03-12T16:06:14.879714+08:00
Resize operation completed for file# 3, old size 931840K, new size 942080K
2021-03-12T16:07:17.823280+08:00
***********************************************************************
Fatal NI connect error 12170.
  VERSION INFORMATION:
	TNS for Linux: Version 19.0.0.0.0 - Production
	Oracle Bequeath NT Protocol Adapter for Linux: Version 19.0.0.0.0 - Production
	TCP/IP NT Protocol Adapter for Linux: Version 19.0.0.0.0 - Production
  Version 19.3.0.0.0
  Time: 12-MAR-2021 16:07:17
  Tracing not turned on.
  Tns error struct:
    ns main err code: 12535
    
TNS-12535: TNS:operation timed out
    ns secondary err code: 12560
    nt main err code: 505
    
TNS-00505: Operation timed out
    nt secondary err code: 110
    nt OS err code: 0
  Client address: (ADDRESS=(PROTOCOL=tcp)(HOST=10.10.10.178)(PORT=50355))
2021-03-12T22:00:00.020702+08:00
Setting Resource Manager plan SCHEDULER[0x4D56]:DEFAULT_MAINTENANCE_PLAN via scheduler window
Setting Resource Manager plan DEFAULT_MAINTENANCE_PLAN via parameter
2021-03-12T22:00:02.222629+08:00
Begin automatic SQL Tuning Advisor run for special tuning task  "SYS_AUTO_SQL_TUNING_TASK"
End automatic SQL Tuning Advisor run for special tuning task  "SYS_AUTO_SQL_TUNING_TASK"
2021-03-12T22:00:08.460420+08:00
TABLE SYS.WRI$_OPTSTAT_HISTHEAD_HISTORY: ADDED INTERVAL PARTITION SYS_P366 (44266) VALUES LESS THAN (TO_DATE(' 2021-03-13 00:00:00', 'SYYYY-MM-DD HH24:MI:SS', 'NLS_CALENDAR=GREGORIAN'))
TABLE SYS.WRI$_OPTSTAT_HISTGRM_HISTORY: ADDED INTERVAL PARTITION SYS_P369 (44266) VALUES LESS THAN (TO_DATE(' 2021-03-13 00:00:00', 'SYYYY-MM-DD HH24:MI:SS', 'NLS_CALENDAR=GREGORIAN'))
2021-03-12T22:00:52.274239+08:00
TABLE SYS.WRP$_REPORTS: ADDED INTERVAL PARTITION SYS_P370 (4089) VALUES LESS THAN (TO_DATE(' 2021-03-13 01:00:00', 'SYYYY-MM-DD HH24:MI:SS', 'NLS_CALENDAR=GREGORIAN'))
TABLE SYS.WRP$_REPORTS_DETAILS: ADDED INTERVAL PARTITION SYS_P371 (4089) VALUES LESS THAN (TO_DATE(' 2021-03-13 01:00:00', 'SYYYY-MM-DD HH24:MI:SS', 'NLS_CALENDAR=GREGORIAN'))
TABLE SYS.WRP$_REPORTS_TIME_BANDS: ADDED INTERVAL PARTITION SYS_P374 (4088) VALUES LESS THAN (TO_DATE(' 2021-03-12 01:00:00', 'SYYYY-MM-DD HH24:MI:SS', 'NLS_CALENDAR=GREGORIAN'))
2021-03-12T22:06:19.044025+08:00
Resize operation completed for file# 3, old size 942080K, new size 952320K
2021-03-13T00:06:20.531906+08:00
Resize operation completed for file# 3, old size 952320K, new size 962560K
2021-03-13T02:00:00.082002+08:00
Closing scheduler window
Closing Resource Manager plan via scheduler window
Clearing Resource Manager plan via parameter
2021-03-13T06:00:00.001964+08:00
Setting Resource Manager plan SCHEDULER[0x4D57]:DEFAULT_MAINTENANCE_PLAN via scheduler window
Setting Resource Manager plan DEFAULT_MAINTENANCE_PLAN via parameter
2021-03-13T06:00:02.133106+08:00
Begin automatic SQL Tuning Advisor run for special tuning task  "SYS_AUTO_SQL_TUNING_TASK"
End automatic SQL Tuning Advisor run for special tuning task  "SYS_AUTO_SQL_TUNING_TASK"
2021-03-13T06:00:03.078158+08:00
TABLE SYS.WRI$_OPTSTAT_HISTHEAD_HISTORY: ADDED INTERVAL PARTITION SYS_P375 (44267) VALUES LESS THAN (TO_DATE(' 2021-03-14 00:00:00', 'SYYYY-MM-DD HH24:MI:SS', 'NLS_CALENDAR=GREGORIAN'))
TABLE SYS.WRI$_OPTSTAT_HISTGRM_HISTORY: ADDED INTERVAL PARTITION SYS_P378 (44267) VALUES LESS THAN (TO_DATE(' 2021-03-14 00:00:00', 'SYYYY-MM-DD HH24:MI:SS', 'NLS_CALENDAR=GREGORIAN'))
2021-03-13T06:00:17.100737+08:00
Private strand flush not complete
2021-03-13T06:00:17.148839+08:00
TABLE SYS.WRP$_REPORTS: ADDED INTERVAL PARTITION SYS_P379 (4090) VALUES LESS THAN (TO_DATE(' 2021-03-14 01:00:00', 'SYYYY-MM-DD HH24:MI:SS', 'NLS_CALENDAR=GREGORIAN'))
TABLE SYS.WRP$_REPORTS_DETAILS: ADDED INTERVAL PARTITION SYS_P380 (4090) VALUES LESS THAN (TO_DATE(' 2021-03-14 01:00:00', 'SYYYY-MM-DD HH24:MI:SS', 'NLS_CALENDAR=GREGORIAN'))
TABLE SYS.WRP$_REPORTS_TIME_BANDS: ADDED INTERVAL PARTITION SYS_P383 (4089) VALUES LESS THAN (TO_DATE(' 2021-03-13 01:00:00', 'SYYYY-MM-DD HH24:MI:SS', 'NLS_CALENDAR=GREGORIAN'))
2021-03-13T06:00:20.693030+08:00
2021-03-13T06:06:24.484294+08:00
Resize operation completed for file# 3, old size 962560K, new size 972800K
2021-03-13T10:06:27.192012+08:00
Resize operation completed for file# 3, old size 972800K, new size 983040K
2021-03-13T14:06:30.346674+08:00
Resize operation completed for file# 3, old size 983040K, new size 993280K
2021-03-13T20:06:34.437758+08:00
Resize operation completed for file# 3, old size 993280K, new size 1003520K
2021-03-13T22:06:41.455033+08:00
Private strand flush not complete
2021-03-13T22:06:45.275593+08:00
2021-03-14T02:00:00.003477+08:00
Closing scheduler window
Closing Resource Manager plan via scheduler window
Clearing Resource Manager plan via parameter
2021-03-14T06:00:00.042500+08:00
Setting Resource Manager plan SCHEDULER[0x4D58]:DEFAULT_MAINTENANCE_PLAN via scheduler window
Setting Resource Manager plan DEFAULT_MAINTENANCE_PLAN via parameter
2021-03-14T06:00:02.229425+08:00
Begin automatic SQL Tuning Advisor run for special tuning task  "SYS_AUTO_SQL_TUNING_TASK"
End automatic SQL Tuning Advisor run for special tuning task  "SYS_AUTO_SQL_TUNING_TASK"
2021-03-14T06:00:08.574808+08:00
TABLE SYS.WRI$_OPTSTAT_HISTHEAD_HISTORY: ADDED INTERVAL PARTITION SYS_P384 (44268) VALUES LESS THAN (TO_DATE(' 2021-03-15 00:00:00', 'SYYYY-MM-DD HH24:MI:SS', 'NLS_CALENDAR=GREGORIAN'))
TABLE SYS.WRI$_OPTSTAT_HISTGRM_HISTORY: ADDED INTERVAL PARTITION SYS_P387 (44268) VALUES LESS THAN (TO_DATE(' 2021-03-15 00:00:00', 'SYYYY-MM-DD HH24:MI:SS', 'NLS_CALENDAR=GREGORIAN'))
2021-03-14T06:00:43.466492+08:00
TABLE SYS.WRP$_REPORTS: ADDED INTERVAL PARTITION SYS_P388 (4091) VALUES LESS THAN (TO_DATE(' 2021-03-15 01:00:00', 'SYYYY-MM-DD HH24:MI:SS', 'NLS_CALENDAR=GREGORIAN'))
TABLE SYS.WRP$_REPORTS_DETAILS: ADDED INTERVAL PARTITION SYS_P389 (4091) VALUES LESS THAN (TO_DATE(' 2021-03-15 01:00:00', 'SYYYY-MM-DD HH24:MI:SS', 'NLS_CALENDAR=GREGORIAN'))
TABLE SYS.WRP$_REPORTS_TIME_BANDS: ADDED INTERVAL PARTITION SYS_P392 (4090) VALUES LESS THAN (TO_DATE(' 2021-03-14 01:00:00', 'SYYYY-MM-DD HH24:MI:SS', 'NLS_CALENDAR=GREGORIAN'))
2021-03-14T13:00:16.046845+08:00
2021-03-15T02:00:00.096049+08:00
Closing scheduler window
Closing Resource Manager plan via scheduler window
Clearing Resource Manager plan via parameter
2021-03-15T14:00:48.218111+08:00
2021-03-15T22:00:00.029709+08:00
Setting Resource Manager plan SCHEDULER[0x4D52]:DEFAULT_MAINTENANCE_PLAN via scheduler window
Setting Resource Manager plan DEFAULT_MAINTENANCE_PLAN via parameter
2021-03-15T22:00:01.151472+08:00
Begin automatic SQL Tuning Advisor run for special tuning task  "SYS_AUTO_SQL_TUNING_TASK"
End automatic SQL Tuning Advisor run for special tuning task  "SYS_AUTO_SQL_TUNING_TASK"
2021-03-15T22:00:02.123861+08:00
TABLE SYS.WRI$_OPTSTAT_HISTHEAD_HISTORY: ADDED INTERVAL PARTITION SYS_P393 (44269) VALUES LESS THAN (TO_DATE(' 2021-03-16 00:00:00', 'SYYYY-MM-DD HH24:MI:SS', 'NLS_CALENDAR=GREGORIAN'))
TABLE SYS.WRI$_OPTSTAT_HISTGRM_HISTORY: ADDED INTERVAL PARTITION SYS_P396 (44269) VALUES LESS THAN (TO_DATE(' 2021-03-16 00:00:00', 'SYYYY-MM-DD HH24:MI:SS', 'NLS_CALENDAR=GREGORIAN'))
2021-03-15T22:01:12.687008+08:00
TABLE SYS.WRP$_REPORTS: ADDED INTERVAL PARTITION SYS_P397 (4092) VALUES LESS THAN (TO_DATE(' 2021-03-16 01:00:00', 'SYYYY-MM-DD HH24:MI:SS', 'NLS_CALENDAR=GREGORIAN'))
TABLE SYS.WRP$_REPORTS_DETAILS: ADDED INTERVAL PARTITION SYS_P398 (4092) VALUES LESS THAN (TO_DATE(' 2021-03-16 01:00:00', 'SYYYY-MM-DD HH24:MI:SS', 'NLS_CALENDAR=GREGORIAN'))
TABLE SYS.WRP$_REPORTS_TIME_BANDS: ADDED INTERVAL PARTITION SYS_P401 (4091) VALUES LESS THAN (TO_DATE(' 2021-03-15 01:00:00', 'SYYYY-MM-DD HH24:MI:SS', 'NLS_CALENDAR=GREGORIAN'))
2021-03-15T22:07:10.722938+08:00
Resize operation completed for file# 3, old size 1003520K, new size 1013760K
2021-03-16T02:00:00.009005+08:00
Closing scheduler window
Closing Resource Manager plan via scheduler window
Clearing Resource Manager plan via parameter
2021-03-16T05:23:23.202754+08:00
Warning: VKTM detected a forward time drift. 
Please see the VKTM trace file for more details:
/u01/app/oracle/diag/rdbms/orcl/oracle/trace/oracle_vktm_59865.trc
2021-03-16T12:58:04.865172+08:00
2021-03-16T18:47:04.959026+08:00
Warning: VKTM detected a forward time drift. 
Time drifts can result in unexpected behavior such as time-outs. 
Please see the VKTM trace file for more details:
/u01/app/oracle/diag/rdbms/orcl/oracle/trace/oracle_vktm_59865.trc
2021-03-16T22:00:01.047538+08:00
Setting Resource Manager plan SCHEDULER[0x4D53]:DEFAULT_MAINTENANCE_PLAN via scheduler window
Setting Resource Manager plan DEFAULT_MAINTENANCE_PLAN via parameter
2021-03-16T22:00:11.853854+08:00
Begin automatic SQL Tuning Advisor run for special tuning task  "SYS_AUTO_SQL_TUNING_TASK"
2021-03-16T22:00:42.818207+08:00
End automatic SQL Tuning Advisor run for special tuning task  "SYS_AUTO_SQL_TUNING_TASK"
2021-03-16T22:01:06.893910+08:00
TABLE SYS.WRP$_REPORTS: ADDED INTERVAL PARTITION SYS_P402 (4093) VALUES LESS THAN (TO_DATE(' 2021-03-17 01:00:00', 'SYYYY-MM-DD HH24:MI:SS', 'NLS_CALENDAR=GREGORIAN'))
TABLE SYS.WRP$_REPORTS_DETAILS: ADDED INTERVAL PARTITION SYS_P403 (4093) VALUES LESS THAN (TO_DATE(' 2021-03-17 01:00:00', 'SYYYY-MM-DD HH24:MI:SS', 'NLS_CALENDAR=GREGORIAN'))
2021-03-16T22:01:08.681660+08:00
TABLE SYS.WRP$_REPORTS_TIME_BANDS: ADDED INTERVAL PARTITION SYS_P406 (4092) VALUES LESS THAN (TO_DATE(' 2021-03-16 01:00:00', 'SYYYY-MM-DD HH24:MI:SS', 'NLS_CALENDAR=GREGORIAN'))
2021-03-16T22:01:31.323471+08:00
TABLE SYS.WRI$_OPTSTAT_HISTHEAD_HISTORY: ADDED INTERVAL PARTITION SYS_P407 (44270) VALUES LESS THAN (TO_DATE(' 2021-03-17 00:00:00', 'SYYYY-MM-DD HH24:MI:SS', 'NLS_CALENDAR=GREGORIAN'))
TABLE SYS.WRI$_OPTSTAT_HISTGRM_HISTORY: ADDED INTERVAL PARTITION SYS_P410 (44270) VALUES LESS THAN (TO_DATE(' 2021-03-17 00:00:00', 'SYYYY-MM-DD HH24:MI:SS', 'NLS_CALENDAR=GREGORIAN'))
2021-03-16T22:02:09.783945+08:00
Warning: VKTM detected a forward time drift. 
Please see the VKTM trace file for more details:
/u01/app/oracle/diag/rdbms/orcl/oracle/trace/oracle_vktm_59865.trc
2021-03-16T22:08:16.947069+08:00
Resize operation completed for file# 3, old size 1013760K, new size 1024000K
2021-03-17T01:08:16.077072+08:00
Resize operation completed for file# 3, old size 1024000K, new size 1034240K
2021-03-17T02:00:00.024834+08:00
Closing scheduler window
Closing Resource Manager plan via scheduler window
Clearing Resource Manager plan via parameter
2021-03-17T05:00:08.052457+08:00
Warning: VKTM detected a forward time drift. 
Please see the VKTM trace file for more details:
/u01/app/oracle/diag/rdbms/orcl/oracle/trace/oracle_vktm_59865.trc
2021-03-17T09:00:20.654353+08:00
2021-03-17T14:23:44.246597+08:00
Warning: VKTM detected a forward time drift. 
Please see the VKTM trace file for more details:
/u01/app/oracle/diag/rdbms/orcl/oracle/trace/oracle_vktm_59865.trc
2021-03-17T22:00:00.224140+08:00
Setting Resource Manager plan SCHEDULER[0x4D54]:DEFAULT_MAINTENANCE_PLAN via scheduler window
Setting Resource Manager plan DEFAULT_MAINTENANCE_PLAN via parameter
2021-03-17T22:00:03.729415+08:00
Begin automatic SQL Tuning Advisor run for special tuning task  "SYS_AUTO_SQL_TUNING_TASK"
2021-03-17T22:00:06.229133+08:00
End automatic SQL Tuning Advisor run for special tuning task  "SYS_AUTO_SQL_TUNING_TASK"
2021-03-17T22:00:13.615198+08:00
TABLE SYS.WRI$_OPTSTAT_HISTHEAD_HISTORY: ADDED INTERVAL PARTITION SYS_P411 (44271) VALUES LESS THAN (TO_DATE(' 2021-03-18 00:00:00', 'SYYYY-MM-DD HH24:MI:SS', 'NLS_CALENDAR=GREGORIAN'))
TABLE SYS.WRI$_OPTSTAT_HISTGRM_HISTORY: ADDED INTERVAL PARTITION SYS_P414 (44271) VALUES LESS THAN (TO_DATE(' 2021-03-18 00:00:00', 'SYYYY-MM-DD HH24:MI:SS', 'NLS_CALENDAR=GREGORIAN'))
2021-03-17T22:01:19.891743+08:00
TABLE SYS.WRP$_REPORTS: ADDED INTERVAL PARTITION SYS_P415 (4094) VALUES LESS THAN (TO_DATE(' 2021-03-18 01:00:00', 'SYYYY-MM-DD HH24:MI:SS', 'NLS_CALENDAR=GREGORIAN'))
TABLE SYS.WRP$_REPORTS_DETAILS: ADDED INTERVAL PARTITION SYS_P416 (4094) VALUES LESS THAN (TO_DATE(' 2021-03-18 01:00:00', 'SYYYY-MM-DD HH24:MI:SS', 'NLS_CALENDAR=GREGORIAN'))
TABLE SYS.WRP$_REPORTS_TIME_BANDS: ADDED INTERVAL PARTITION SYS_P419 (4093) VALUES LESS THAN (TO_DATE(' 2021-03-17 01:00:00', 'SYYYY-MM-DD HH24:MI:SS', 'NLS_CALENDAR=GREGORIAN'))
2021-03-17T22:55:27.211233+08:00
Warning: VKTM detected a forward time drift. 
Time drifts can result in unexpected behavior such as time-outs. 
Please see the VKTM trace file for more details:
/u01/app/oracle/diag/rdbms/orcl/oracle/trace/oracle_vktm_59865.trc
2021-03-18T00:08:47.353811+08:00
Resize operation completed for file# 3, old size 1034240K, new size 1044480K
2021-03-18T02:00:00.117608+08:00
Closing scheduler window
Closing Resource Manager plan via scheduler window
Clearing Resource Manager plan via parameter
2021-03-18T08:28:42.670580+08:00
2021-03-18T22:00:00.056600+08:00
Setting Resource Manager plan SCHEDULER[0x4D55]:DEFAULT_MAINTENANCE_PLAN via scheduler window
Setting Resource Manager plan DEFAULT_MAINTENANCE_PLAN via parameter
2021-03-18T22:00:02.669742+08:00
Begin automatic SQL Tuning Advisor run for special tuning task  "SYS_AUTO_SQL_TUNING_TASK"
2021-03-18T22:00:06.885716+08:00
End automatic SQL Tuning Advisor run for special tuning task  "SYS_AUTO_SQL_TUNING_TASK"
2021-03-18T22:00:07.433000+08:00
TABLE SYS.WRI$_OPTSTAT_HISTHEAD_HISTORY: ADDED INTERVAL PARTITION SYS_P420 (44272) VALUES LESS THAN (TO_DATE(' 2021-03-19 00:00:00', 'SYYYY-MM-DD HH24:MI:SS', 'NLS_CALENDAR=GREGORIAN'))
TABLE SYS.WRI$_OPTSTAT_HISTGRM_HISTORY: ADDED INTERVAL PARTITION SYS_P423 (44272) VALUES LESS THAN (TO_DATE(' 2021-03-19 00:00:00', 'SYYYY-MM-DD HH24:MI:SS', 'NLS_CALENDAR=GREGORIAN'))
2021-03-18T22:01:19.515900+08:00
TABLE SYS.WRP$_REPORTS: ADDED INTERVAL PARTITION SYS_P424 (4095) VALUES LESS THAN (TO_DATE(' 2021-03-19 01:00:00', 'SYYYY-MM-DD HH24:MI:SS', 'NLS_CALENDAR=GREGORIAN'))
TABLE SYS.WRP$_REPORTS_DETAILS: ADDED INTERVAL PARTITION SYS_P425 (4095) VALUES LESS THAN (TO_DATE(' 2021-03-19 01:00:00', 'SYYYY-MM-DD HH24:MI:SS', 'NLS_CALENDAR=GREGORIAN'))
TABLE SYS.WRP$_REPORTS_TIME_BANDS: ADDED INTERVAL PARTITION SYS_P428 (4094) VALUES LESS THAN (TO_DATE(' 2021-03-18 01:00:00', 'SYYYY-MM-DD HH24:MI:SS', 'NLS_CALENDAR=GREGORIAN'))
2021-03-19T00:09:09.802107+08:00
Resize operation completed for file# 3, old size 1044480K, new size 1054720K
2021-03-19T02:00:00.173419+08:00
Closing scheduler window
Closing Resource Manager plan via scheduler window
Clearing Resource Manager plan via parameter
2021-03-19T04:59:13.910973+08:00
Resize operation completed for file# 1, old size 942080K, new size 952320K
2021-03-19T08:01:04.004960+08:00
2021-03-19T10:56:16.893065+08:00
TABLE SYS.WRP$_REPORTS: ADDED INTERVAL PARTITION SYS_P429 (4096) VALUES LESS THAN (TO_DATE(' 2021-03-20 01:00:00', 'SYYYY-MM-DD HH24:MI:SS', 'NLS_CALENDAR=GREGORIAN'))
TABLE SYS.WRP$_REPORTS_DETAILS: ADDED INTERVAL PARTITION SYS_P430 (4096) VALUES LESS THAN (TO_DATE(' 2021-03-20 01:00:00', 'SYYYY-MM-DD HH24:MI:SS', 'NLS_CALENDAR=GREGORIAN'))
TABLE SYS.WRP$_REPORTS_TIME_BANDS: ADDED INTERVAL PARTITION SYS_P433 (4095) VALUES LESS THAN (TO_DATE(' 2021-03-19 01:00:00', 'SYYYY-MM-DD HH24:MI:SS', 'NLS_CALENDAR=GREGORIAN'))
2021-03-19T22:00:00.038594+08:00
Setting Resource Manager plan SCHEDULER[0x4D56]:DEFAULT_MAINTENANCE_PLAN via scheduler window
Setting Resource Manager plan DEFAULT_MAINTENANCE_PLAN via parameter
2021-03-19T22:00:02.314224+08:00
Begin automatic SQL Tuning Advisor run for special tuning task  "SYS_AUTO_SQL_TUNING_TASK"
2021-03-19T22:00:03.951243+08:00
End automatic SQL Tuning Advisor run for special tuning task  "SYS_AUTO_SQL_TUNING_TASK"
2021-03-19T22:00:10.347686+08:00
TABLE SYS.WRI$_OPTSTAT_HISTHEAD_HISTORY: ADDED INTERVAL PARTITION SYS_P434 (44273) VALUES LESS THAN (TO_DATE(' 2021-03-20 00:00:00', 'SYYYY-MM-DD HH24:MI:SS', 'NLS_CALENDAR=GREGORIAN'))
TABLE SYS.WRI$_OPTSTAT_HISTGRM_HISTORY: ADDED INTERVAL PARTITION SYS_P437 (44273) VALUES LESS THAN (TO_DATE(' 2021-03-20 00:00:00', 'SYYYY-MM-DD HH24:MI:SS', 'NLS_CALENDAR=GREGORIAN'))
2021-03-20T00:09:31.813580+08:00
Resize operation completed for file# 3, old size 1054720K, new size 1064960K
2021-04-15T11:30:44.495263+08:00
Starting ORACLE instance (normal) (OS id: 7823)
2021-04-15T11:30:44.575111+08:00
****************************************************
 Sys-V shared memory will be used for creating SGA 
 ****************************************************
2021-04-15T11:30:44.577151+08:00
**********************************************************************
2021-04-15T11:30:44.577226+08:00
Dump of system resources acquired for SHARED GLOBAL AREA (SGA) 
2021-04-15T11:30:44.577372+08:00
 Per process system memlock (soft) limit = 64K
2021-04-15T11:30:44.577441+08:00
 Expected per process system memlock (soft) limit to lock
 instance MAX SHARED GLOBAL AREA (SGA) into memory: 8002M
2021-04-15T11:30:44.577587+08:00
 Available system pagesizes:
  4K, 2048K 
2021-04-15T11:30:44.577717+08:00
 Supported system pagesize(s):
2021-04-15T11:30:44.577798+08:00
  PAGESIZE  AVAILABLE_PAGES  EXPECTED_PAGES  ALLOCATED_PAGES  ERROR(s)
2021-04-15T11:30:44.577897+08:00
        4K       Configured              12         2048012        NONE
2021-04-15T11:30:44.578075+08:00
     2048K                0            4001               0        NONE
2021-04-15T11:30:44.578146+08:00
RECOMMENDATION:
2021-04-15T11:30:44.578213+08:00
 1. For optimal performance, configure system with expected number 
 of pages for every supported system pagesize prior to the next 
 instance restart operation.
2021-04-15T11:30:44.582693+08:00
 2. Increase per process memlock (soft) limit to at least 8002MB
 to lock 100% of SHARED GLOBAL AREA (SGA) pages into physical memory
2021-04-15T11:30:44.582857+08:00
**********************************************************************
2021-04-15T11:30:47.796539+08:00
LICENSE_MAX_SESSION = 0
LICENSE_SESSIONS_WARNING = 0
2021-04-15T11:30:47.848721+08:00
Initial number of CPU is 8
Number of processor cores in the system is 8
Number of processor sockets in the system is 2
Capability Type : Network 
capabilities requested : 7 detected : 0 Simulated : 0
Capability Type : Runtime Environment 
capabilities requested : 400000FF detected : 40000000 Simulated : 0
Capability Type : Engineered Systems 
capabilities requested : 7 detected : 0 Simulated : 0
Capability Type : Database Test 
capabilities requested : 3 detected : 0 Simulated : 0
Autotune of undo retention is turned on. 
IMODE=BR
ILAT =108
LICENSE_MAX_USERS = 0
SYS auditing is enabled
NOTE: remote asm mode is local (mode 0x1; from cluster type)
NOTE: Using default ASM root directory ASM
NOTE: remote asm mode is local (mode 0x1; from cluster type)
NOTE: Cluster configuration type = NONE [2]
Oracle Database 19c Enterprise Edition Release 19.0.0.0.0 - Production
Version 19.3.0.0.0.
ORACLE_HOME:    /u01/app/oracle/product/19.3.0/dbhome_1
System name:	Linux
Node name:	tongzh-oracle19c-singlenode
Release:	3.10.0-957.el7.x86_64
Version:	#1 SMP Thu Oct 4 20:48:51 UTC 2018
Machine:	x86_64
Using parameter settings in server-side spfile /u01/app/oracle/product/19.3.0/dbhome_1/dbs/spfileoracle.ora
System parameters with non-default values:
  processes                = 640
  nls_language             = "SIMPLIFIED CHINESE"
  nls_territory            = "CHINA"
  sga_target               = 8000M
  control_files            = "/u01/app/oracle/oradata/ORCL/control01.ctl"
  control_files            = "/u01/app/oracle/oradata/ORCL/control02.ctl"
  db_block_size            = 8192
  compatible               = "19.0.0"
  log_archive_dest_1       = "location=/u01/app/oracle/arch"
  undo_tablespace          = "UNDOTBS1"
  remote_login_passwordfile= "EXCLUSIVE"
  dispatchers              = "(PROTOCOL=TCP) (SERVICE=orclXDB)"
  local_listener           = "LISTENER_ORCL"
  audit_file_dest          = "/u01/app/oracle/admin/orcl/adump"
  audit_trail              = "DB"
  db_name                  = "orcl"
  open_cursors             = 300
  pga_aggregate_target     = 2666M
  diagnostic_dest          = "/u01/app/oracle"
2021-04-15T11:30:48.326834+08:00
============================================================
NOTE: PatchLevel of this instance 0
============================================================
Starting background process PMON
2021-04-15T11:30:48.391137+08:00
PMON started with pid=2, OS id=7844 
Starting background process CLMN
2021-04-15T11:30:48.406095+08:00
CLMN started with pid=3, OS id=7846 
Starting background process PSP0
2021-04-15T11:30:48.421283+08:00
PSP0 started with pid=4, OS id=7848 
Starting background process VKTM
2021-04-15T11:30:49.471341+08:00
VKTM started with pid=5, OS id=7851 at elevated (RT) priority
2021-04-15T11:30:49.471363+08:00
Starting background process GEN0
Starting background process MMAN
2021-04-15T11:30:49.485973+08:00
GEN0 started with pid=6, OS id=7855 
2021-04-15T11:30:49.500256+08:00
MMAN started with pid=7, OS id=7857 
2021-04-15T11:30:49.502749+08:00
VKTM running at (1)millisec precision with DBRM quantum (100)ms
Starting background process GEN1
2021-04-15T11:30:49.569965+08:00
GEN1 started with pid=9, OS id=7861_7862 
Starting background process DIAG
Starting background process OFSD
2021-04-15T11:30:49.586552+08:00
DIAG started with pid=11, OS id=7864 
Starting background process DBRM
2021-04-15T11:30:49.610012+08:00
OFSD started with pid=12, OS id=7866_7867 
2021-04-15T11:30:49.611179+08:00
Oracle running with ofslib:'Oracle File Server Library' version=2
2021-04-15T11:30:49.625860+08:00
DBRM started with pid=14, OS id=7869 
Starting background process VKRM
2021-04-15T11:30:49.644798+08:00
VKRM started with pid=15, OS id=7871 
Starting background process SVCB
2021-04-15T11:30:49.662299+08:00
SVCB started with pid=16, OS id=7873 
Starting background process PMAN
2021-04-15T11:30:49.678968+08:00
PMAN started with pid=17, OS id=7875 
Starting background process DIA0
2021-04-15T11:30:49.696513+08:00
DIA0 started with pid=18, OS id=7877 
Starting background process DBW0
2021-04-15T11:30:49.721540+08:00
DBW0 started with pid=19, OS id=7879 
Starting background process LGWR
2021-04-15T11:30:49.737326+08:00
LGWR started with pid=20, OS id=7881 
Starting background process CKPT
2021-04-15T11:30:49.754182+08:00
CKPT started with pid=21, OS id=7883 
2021-04-15T11:30:49.772112+08:00
LGWR slave LG00 created with pid=22, OS pid=7885
Starting background process SMON
2021-04-15T11:30:49.788319+08:00
SMON started with pid=23, OS id=7887 
LGWR slave LG01 created with pid=24, OS pid=7889
Starting background process SMCO
2021-04-15T11:30:49.822968+08:00
SMCO started with pid=25, OS id=7891 
Starting background process RECO
2021-04-15T11:30:49.838743+08:00
RECO started with pid=26, OS id=7893 
Starting background process LREG
2021-04-15T11:30:49.874071+08:00
LREG started with pid=28, OS id=7897 
Starting background process PXMN
2021-04-15T11:30:49.909059+08:00
PXMN started with pid=30, OS id=7901 
Starting background process FENC
Starting background process MMON
2021-04-15T11:30:49.927951+08:00
FENC started with pid=31, OS id=7904 
2021-04-15T11:30:49.944595+08:00
MMON started with pid=32, OS id=7906 
Starting background process MMNL
2021-04-15T11:30:49.960253+08:00
MMNL started with pid=31, OS id=7908 
2021-04-15T11:30:49.960261+08:00
starting up 1 dispatcher(s) for network address '(ADDRESS=(PARTIAL=YES)(PROTOCOL=TCP))'...
starting up 1 shared server(s) ...
Starting background process TMON
2021-04-15T11:30:50.017195+08:00
TMON started with pid=35, OS id=7914 
Setting CPU count to 8
ORACLE_BASE from environment = /u01/app/oracle
2021-04-15T11:30:50.122813+08:00
ALTER DATABASE   MOUNT
2021-04-15T11:30:52.636562+08:00
Using default pga_aggregate_limit of 5332 MB
2021-04-15T11:30:54.203577+08:00
.... (PID:7915): Redo network throttle feature is disabled at mount time
2021-04-15T11:30:54.221980+08:00
Successful mount of redo thread 1, with mount id 1597700586
2021-04-15T11:30:54.222372+08:00
Database mounted in Exclusive Mode
Lost write protection disabled
.... (PID:7915): Using STANDBY_ARCHIVE_DEST parameter default value as /u01/app/oracle/arch [krsd.c:18141]
Completed: ALTER DATABASE   MOUNT
2021-04-15T11:30:54.366037+08:00
ALTER DATABASE OPEN
2021-04-15T11:30:54.466027+08:00
Ping without log force is disabled:
  instance mounted in exclusive mode.
Buffer Cache Full DB Caching mode changing from FULL CACHING DISABLED to FULL CACHING ENABLED 
2021-04-15T11:30:54.569133+08:00
Beginning crash recovery of 1 threads
 parallel recovery started with 7 processes
 Thread 1: Recovery starting at checkpoint rba (logseq 30 block 304470), scn 0
2021-04-15T11:30:54.635241+08:00
Started redo scan
2021-04-15T11:30:54.681081+08:00
Completed redo scan
 read 17 KB redo, 17 data blocks need recovery
2021-04-15T11:30:54.760380+08:00
Started redo application at
 Thread 1: logseq 30, block 304470, offset 0
2021-04-15T11:30:54.760770+08:00
Recovery of Online Redo Log: Thread 1 Group 3 Seq 30 Reading mem 0
  Mem# 0: /u01/app/oracle/oradata/ORCL/redo03.log
2021-04-15T11:30:54.761069+08:00
Completed redo application of 0.01MB
2021-04-15T11:30:54.784334+08:00
Completed crash recovery at
 Thread 1: RBA 30.304504.16, nab 304504, scn 0x00000000003d5959
 17 data blocks read, 17 data blocks written, 17 redo k-bytes read
Endian type of dictionary set to little
2021-04-15T11:30:54.880682+08:00
LGWR (PID:7881): STARTING ARCH PROCESSES
Starting background process ARC0
2021-04-15T11:30:54.902748+08:00
TT00 (PID:7940): Gap Manager starting
2021-04-15T11:30:54.919423+08:00
ARC0 started with pid=46, OS id=7942 
2021-04-15T11:30:54.929566+08:00
LGWR (PID:7881): ARC0: Archival started
LGWR (PID:7881): STARTING ARCH PROCESSES COMPLETE
2021-04-15T11:30:54.929777+08:00
ARC0 (PID:7942): Becoming a 'no FAL' ARCH
ARC0 (PID:7942): Becoming the 'no SRL' ARCH
2021-04-15T11:30:54.938282+08:00
TMON (PID:7914): STARTING ARCH PROCESSES
Starting background process ARC1
2021-04-15T11:30:54.945614+08:00 Thread . advanced to log sequence 31 (thread open)
Redo log for group 1, sequence 31 is not located on DAX storage
2021-04-15T11:30:54.954882+08:00
ARC1 started with pid=48, OS id=7947 
Starting background process ARC2
Thread 1 opened at log sequence 31
Successful open of redo thread 1
2021-04-15T11:30:54.958891+08:00
MTTR advisory is disabled because FAST_START_MTTR_TARGET is not set
stopping change tracking
2021-04-15T11:30:54.972044+08:00
ARC2 started with pid=49, OS id=7949 
Starting background process ARC3
2021-04-15T11:30:54.995897+08:00
ARC3 started with pid=50, OS id=7951 
2021-04-15T11:30:54.995905+08:00
TMON (PID:7914): ARC1: Archival started
TMON (PID:7914): ARC2: Archival started
TMON (PID:7914): ARC3: Archival started
TMON (PID:7914): STARTING ARCH PROCESSES COMPLETE
2021-04-15T11:30:56.129647+08:00
2021-04-15T11:30:56.965429+08:00
Undo initialization recovery: err:0 start: 61277 end: 61381 diff: 104 ms (0.1 seconds)
2021-04-15T11:30:58.172018+08:00
[7924] Successfully onlined Undo Tablespace 2.
Undo initialization online undo segments: err:0 start: 61381 end: 62588 diff: 1207 ms (1.2 seconds)
Undo initialization finished serial:0 start:61277 end:63223 diff:1946 ms (1.9 seconds)
Verifying minimum file header compatibility for tablespace encryption..
Verifying file header compatibility for tablespace encryption completed for pdb 0
Database Characterset is ZHS16GBK
2021-04-15T11:30:59.374682+08:00
No Resource Manager plan active
2021-04-15T11:31:00.900155+08:00
joxcsys_required_dirobj_exists: directory object exists with required path /u01/app/oracle/product/19.3.0/dbhome_1/javavm/admin/, pid 7924 cid 0
replication_dependency_tracking turned off (no async multimaster replication found)
2021-04-15T11:31:03.188450+08:00
Starting background process AQPC
2021-04-15T11:31:03.202161+08:00
AQPC started with pid=52, OS id=7965 
2021-04-15T11:31:04.473970+08:00
Starting background process CJQ0
2021-04-15T11:31:04.488799+08:00
CJQ0 started with pid=53, OS id=7969 
Completed: ALTER DATABASE OPEN
2021-04-15T11:31:06.891555+08:00
QPI: opatch file present, opatch
QPI: qopiprep.bat file present
2021-04-15T11:31:08.128188+08:00
Closing scheduler window
Closing Resource Manager plan via scheduler window
Clearing Resource Manager plan via parameter
2021-04-15T11:31:12.759860+08:00
===========================================================
Dumping current patch information
===========================================================
Patch Id: 29517242
Patch Description: Database Release Update : 19.3.0.0.190416 (29517242)
Patch Apply Time: 2019-04-18T15:21:17+08:00
Bugs Fixed: 14735102,19697993,20313356,21965541,25806201,25883179,25986062,
26476244,26611353,26872233,27369515,27423500,27666312,27710072,27846298,
27957203,28064977,28072567,28129791,28181021,28210681,28279456,28313275,
28350595,28371123,28379065,28431445,28463226,28489419,28502773,28513333,
28534475,28561704,28569897,28572533,28572544,28587723,28593682,28594086,
28597221,28601957,28605066,28606598,28625862,28627033,28636532,28643718,
28644549,28645570,28646200,28646939,28649388,28655209,28663782,28673945,
28692275,28694872,28696373,28705231,28710385,28710734,28714461,28718469,
28730079,28740708,28760206,28772390,28774416,28777214,28789531,28791852,
28795551,28802734,28804517,28810381,28811560,28815123,28815355,28819640,
28824482,28833912,28835937,28862532,28863432,28873575,28876253,28876639,
28884931,28888327,28892794,28897512,28899663,28901126,28905457,28907196,
28912691,28915561,28917080,28918429,28919145,28922227,28922532,28922608,
28925634,28925880,28933158,28936114,28937717,28938698,28940179,28940281,
28941901,28942455,28945421,28945994,28951533,28952168,28954762,28955606,
28957292,28957723,28962775,28965231,28966444,28974083,28977322,28983095,
28983486,28986326,28986481,28988482,28989306,28993295,28994307,28996376,
29000000,29001888,29002927,29003738,29006318,29006621,29007321,29007775,
29008035,29011936,29013475,29014076,29015118,29017265,29018655,29019121,
29021063,29021352,29024552,29026582,29026606,29027456,29027694,29027940,
29031575,29031600,29032234,29032457,29032607,29033052,29033145,29033200,
29033280,29034587,29037290,29038528,29039089,29039510,29043554,29043651,
29043725,29044763,29044954,29047850,29048289,29048498,29048605,29050560,
29050765,29051702,29052726,29053783,29056024,29056270,29056560,29059011,
29061959,29062692,29062848,29062860,29062868,29110526,29110783,29110790,
29110797,29110802,29110805,29111598,29113282,29113305,29117526,29117642,
29119077,29120223,29122224,29122254,29123297,29123432,29123482,29124368,
29125380,29126345,29127957,29128935,29129450,29129497,29129712,29130219,
29131539,29132938,29134447,29136111,29138641,29141316,29141341,29141685,
29142667,29144995,29145214,29145730,29149829,29150338,29151520,29152357,
29155099,29157389,29158680,29158899,29159909,29159936,29160174,29162095,
29163415,29163437,29163524,29163567,29167111,29167342,29167374,29167940,
29168219,29168433,29169073,29169215,29171942,29172618,29172826,29173140,
29173373,29173817,29174004,29176318,29177466,29177543,29177886,29178385,
29180313,29180455,29180559,29180893,29181153,29181231,29181620,29181743,
29181923,29182019,29183912,29184297,29184666,29185193,29186456,29189302,
29189307,29189889,29190235,29190474,29190740,29191541,29192419,29192468,
29192685,29193207,29194205,29194367,29194493,29194827,29195279,29195337,
29195758,29196725,29199635,29199733,29200316,29200700,29201494,29201539,
29202104,29202850,29203122,29203166,29203425,29203443,29203604,29205281,
29205323,29205419,29205463,29205767,29205918,29206109,29206605,29207073,
29208260,29208732,29211457,29211724,29212012,29212433,29212611,29213351,
29213775,29213850,29213879,29214561,29214960,29216746,29216984,29217294,
29217472,29217828,29217848,29218570,29219205,29219273,29220079,29221248,
29221891,29222031,29222784,29223833,29223859,29223967,29224065,29224605,
29225076,29227602,29228869,29229164,29229754,29229844,29229955,29230252,
29230565,29231133,29232117,29232154,29234123,29237538,29240307,29241345,
29242017,29242884,29243958,29245137,29245160,29246163,29247415,29247712,
29247906,29248552,29248835,29248858,29249991,29250059,29251259,29253184,
29253871,29254031,29254930,29255178,29255273,29255431,29255435,29256426,
29259119,29259320,29261906,29262512,29262887,29265448,29266248,29266899,
29267292,29268412,29269171,29270585,29273539,29273735,29273847,29274428,
29274564,29274627,29275461,29278218,29279658,29279751,29279854,29282898,
29285503,29285788,29285956,29286037,29287130,29287705,29292837,29293072,
29297863,29297915,29298220,29299049,29299082,29299844,29301566,29302963,
29303918,29304781,29311588,29312310,29312734,29312753,29313347,29313417,
29313525,29314539,29318410,29319441,29321489,29323946,29324568,29325087,
29325105,29325257,29325993,29327044,29329087,29331209,29331380,29331493,
29332771,29333500,29337310,29338315,29338453,29338780,29338913,29339155,
29341209,29343086,29346943,29347620,29348176,29350052,29351386,29351716,
29351749,29352867,29353271,29355654,29356547,29356752,29358828,29360672,
29361801,29363151,29364171,29364177,29367019,29367561,29368253,29373418,
29373588,29374179,29377986,29378029,29379978,29382784,29385652,29386502,
29386635,29386660,29387274,29388094,29388524,29388830,29389889,29390435,
29394140,29394749,29397954,29398863,29399100,29399121,29405012,29405651,
29412066,29412269,29417884,29423826,29429264,29429566,29431485,29435652,
29438736,29439522,29450421,29451386,29452576,29452953,29457807,29460252,
29462957,29486181,29507616,29515240,29521748,29530812,29531654,29557336,
29558975,29601461
Patch Id: 29585399
Patch Description: OCW RELEASE UPDATE 19.3.0.0.0 (29585399)
Patch Apply Time: 2019-04-18T15:21:33+08:00
Bugs Fixed: 3,27222128,27572040,27604329,27760043,27877830,28302580,28470673,
28621543,28642469,28699321,28710663,28755846,28772816,28785321,28800508,
28808652,28815557,28847541,28847572,28870496,28871040,28874416,28877252,
28881191,28881848,28888083,28911140,28925250,28925460,28935956,28940472,
28942694,28951332,28963036,28968779,28980448,28995287,29003207,29003617,
29016294,29018680,29024876,29026154,29027933,29047127,29052850,29058476,
29111631,29112455,29117337,29123444,29125708,29125786,29129476,29131772,
29132456,29139727,29146157,29147849,29149170,29152603,29152752,29154631,
29154636,29154829,29159216,29159661,29160462,29161923,29169540,29169739,
29170717,29173618,29181568,29182920,29183298,29186091,29191827,29201143,
29201695,29209545,29210577,29210610,29210624,29210683,29213641,29219627,
29224294,29225861,29229839,29235934,29242906,29243749,29244495,29244766,
29244968,29248723,29249583,29251564,29255616,29260224,29261695,29271019,
29273360,29282090,29282666,29285453,29285621,29290235,29292232,29293806,
29294753,29299830,29307090,29307109,29311336,29329675,29330791,29339299,
29357821,29360467,29360775,29367971,29368725,29379299,29379381,29380527,
29381000,29382296,29391301,29393649,29402110,29411931,29413360,29457319,
29465047
===========================================================
2021-04-15T11:42:11.804580+08:00
Control autobackup written to DISK device
handle '/u01/app/oracle/product/19.3.0/dbhome_1/dbs/c-1588313914-20210415-00'
2021-04-15T12:00:05.058891+08:00
2021-04-15T16:08:32.186435+08:00
TABLE SYS.WRP$_REPORTS: ADDED INTERVAL PARTITION SYS_P447 (4123) VALUES LESS THAN (TO_DATE(' 2021-04-16 01:00:00', 'SYYYY-MM-DD HH24:MI:SS', 'NLS_CALENDAR=GREGORIAN'))
TABLE SYS.WRP$_REPORTS_DETAILS: ADDED INTERVAL PARTITION SYS_P448 (4123) VALUES LESS THAN (TO_DATE(' 2021-04-16 01:00:00', 'SYYYY-MM-DD HH24:MI:SS', 'NLS_CALENDAR=GREGORIAN'))
TABLE SYS.WRP$_REPORTS_TIME_BANDS: ADDED INTERVAL PARTITION SYS_P451 (4122) VALUES LESS THAN (TO_DATE(' 2021-04-15 01:00:00', 'SYYYY-MM-DD HH24:MI:SS', 'NLS_CALENDAR=GREGORIAN'))
